{"err":{"clientVersion":"7.2.0","code":"ECONNREFUSED","meta":{"modelName":"User"},"name":"PrismaClientKnownRequestError"},"level":"info","message":"\nInvalid `prisma.user.findUnique()` invocation in\n/Users/chubiy/Desktop/work/WorkNest-Backend/src/modules/auth/auth.service.ts:6:34\n\n  3 import jwt from \"jsonwebtoken\";\n  4 \n  5 async function login(payload: { email: string; password: string }) {\n→ 6   const user = await prisma.user.findUnique(\n","service":"user-service"}
{"err":{},"level":"error","message":"POST /api/v1/auth/login","timestamp":"2026-01-19T13:18:49.862Z"}
{"level":"warn","message":"POST /api/v1/auth/login - Unexpected end of JSON input","timestamp":"2026-01-19T13:36:02.430Z"}
{"level":"warn","message":"POST /api/v1/auth/register - Unexpected end of JSON input","timestamp":"2026-01-19T13:36:55.344Z"}
{"level":"warn","message":"POST /api/v1/project/create - Unexpected end of JSON input","timestamp":"2026-01-19T16:50:56.869Z"}
{"level":"warn","message":"POST /api/v1/project/create - Unexpected end of JSON input","timestamp":"2026-01-19T16:52:04.647Z"}
{"err":{},"level":"error","message":"POST /api/v1/project/create","timestamp":"2026-01-19T22:19:41.594Z"}
{"err":{"clientVersion":"7.2.0"},"level":"error","message":"GET /api/v1/project","timestamp":"2026-01-21T00:23:54.522Z"}
{"err":{"clientVersion":"7.2.0"},"level":"error","message":"GET /api/v1/project","timestamp":"2026-01-21T00:25:01.477Z"}
{"err":{"clientVersion":"7.2.0"},"level":"error","message":"GET /api/v1/project","timestamp":"2026-01-21T00:26:38.457Z"}
{"err":{"clientVersion":"7.2.0"},"level":"error","message":"GET /api/v1/project","timestamp":"2026-01-21T00:27:06.557Z"}
{"err":{"clientVersion":"7.2.0","name":"PrismaClientValidationError"},"level":"error","message":"PATCH /api/v1/project/99b1b283-bfd4-4593-9211-355294a124ff","timestamp":"2026-01-21T03:23:21.856Z"}
{"err":{"clientVersion":"7.2.0","name":"PrismaClientValidationError"},"level":"error","message":"PATCH /api/v1/project/99b1b283-bfd4-4593-9211-355294a124ff","timestamp":"2026-01-21T03:27:16.613Z"}
{"err":{"clientVersion":"7.2.0","name":"PrismaClientValidationError"},"level":"error","message":"PATCH /api/v1/project/99b1b283-bfd4-4593-9211-355294a124ff","timestamp":"2026-01-21T03:28:01.345Z"}
{"err":{"clientVersion":"7.2.0","name":"PrismaClientValidationError"},"level":"error","message":"PATCH /api/v1/project/99b1b283-bfd4-4593-9211-355294a124ff","timestamp":"2026-01-21T03:28:41.922Z"}
{"err":{"clientVersion":"7.2.0","name":"PrismaClientValidationError"},"level":"error","message":"PATCH /api/v1/project/99b1b283-bfd4-4593-9211-355294a124ff","timestamp":"2026-01-21T03:29:42.394Z"}
{"err":{"clientVersion":"7.2.0","name":"PrismaClientValidationError"},"level":"error","message":"PATCH /api/v1/project/99b1b283-bfd4-4593-9211-355294a124ff","timestamp":"2026-01-21T03:30:03.474Z"}
{"err":{"clientVersion":"7.2.0","name":"PrismaClientValidationError"},"level":"error","message":"PATCH /api/v1/project/99b1b283-bfd4-4593-9211-355294a124ff","timestamp":"2026-01-21T03:32:58.470Z"}
{"err":{"clientVersion":"7.2.0","name":"PrismaClientValidationError"},"level":"error","message":"PATCH /api/v1/project/99b1b283-bfd4-4593-9211-355294a124ff","timestamp":"2026-01-21T03:34:08.100Z"}
{"err":{"clientVersion":"7.2.0","name":"PrismaClientValidationError"},"level":"error","message":"PATCH /api/v1/project/99b1b283-bfd4-4593-9211-355294a124ff","timestamp":"2026-01-21T03:36:08.243Z"}
{"err":{"clientVersion":"7.2.0","name":"PrismaClientValidationError"},"level":"error","message":"PATCH /api/v1/project/99b1b283-bfd4-4593-9211-355294a124ff","timestamp":"2026-01-21T03:39:09.487Z"}
{"err":{"clientVersion":"7.2.0","name":"PrismaClientValidationError"},"level":"error","message":"PATCH /api/v1/project/99b1b283-bfd4-4593-9211-355294a124ff","timestamp":"2026-01-21T03:39:27.335Z"}
{"err":{"clientVersion":"7.2.0","code":"P2003","meta":{"driverAdapterError":{"cause":{"constraint":{"index":"ProjectMember_projectId_fkey"},"kind":"ForeignKeyConstraintViolation","originalCode":"23503","originalMessage":"update or delete on table \"Project\" violates foreign key constraint \"ProjectMember_projectId_fkey\" on table \"ProjectMember\""},"name":"DriverAdapterError"},"modelName":"Project"},"name":"PrismaClientKnownRequestError"},"level":"error","message":"DELETE /api/v1/project/bf0d6631-e4d6-4a30-8c2c-6ab7d4461d1a","timestamp":"2026-01-22T03:33:26.509Z"}
{"err":{"clientVersion":"7.2.0","code":"P2003","meta":{"driverAdapterError":{"cause":{"constraint":{"index":"ProjectMember_projectId_fkey"},"kind":"ForeignKeyConstraintViolation","originalCode":"23503","originalMessage":"update or delete on table \"Project\" violates foreign key constraint \"ProjectMember_projectId_fkey\" on table \"ProjectMember\""},"name":"DriverAdapterError"},"modelName":"Project"},"name":"PrismaClientKnownRequestError"},"level":"error","message":"DELETE /api/v1/project/bf0d6631-e4d6-4a30-8c2c-6ab7d4461d1a","timestamp":"2026-01-22T03:36:36.056Z"}
{"level":"warn","message":"DELETE /api/v1/project/bf0d6631-e4d6-4a30-8c2c-6ab7d4461d1a - Project not found","timestamp":"2026-01-22T03:52:05.971Z"}
{"level":"warn","message":"DELETE /api/v1/project/bf0d6631-e4d6-4a30-8c2c-6ab7d4461d1a - Project not found nn","timestamp":"2026-01-22T03:52:47.778Z"}
{"level":"warn","message":"DELETE /api/v1/project/bf0d6631-e4d6-4a30-8c2c-6ab7d4461d1a - Project not found","timestamp":"2026-01-22T03:53:09.258Z"}
{"level":"warn","message":"DELETE /api/v1/project/bf0d6631-e4d6-4a30-8c2c-6ab7d4461d1a - Project not found","timestamp":"2026-01-22T03:55:41.681Z"}
{"level":"warn","message":"DELETE /api/v1/project/bf0d6631-e4d6-4a30-8c2c-6ab7d4461d1a - Project not found","timestamp":"2026-01-22T03:57:13.709Z"}
{"level":"warn","message":"DELETE /api/v1/project/bf0d6631-e4d6-4a30-8c2c-6ab7d4461d1a - Project not found","timestamp":"2026-01-22T04:56:19.057Z"}
{"level":"warn","message":"DELETE /api/v1/project/bf0d6631-e4d6-4a30-8c2c-6ab7d4461d1a - Project not found","timestamp":"2026-01-22T05:04:52.493Z"}
{"level":"warn","message":"DELETE /api/v1/project/bf0d6631-e4d6-4a30-8c2c-6ab7d4461d1a - Project not found","timestamp":"2026-01-22T05:05:17.241Z"}
